0 info it worked if it ends with ok
1 verbose cli [ 'C:\\Program Files\\nodejs\\node.exe',
1 verbose cli   'C:\\Program Files\\nodejs\\node_modules\\npm\\bin\\npm-cli.js',
1 verbose cli   'i',
1 verbose cli   '-S',
1 verbose cli   'jquery@next' ]
2 info using npm@3.10.10
3 info using node@v6.11.0
4 silly loadCurrentTree Starting
5 silly install loadCurrentTree
6 silly install readLocalPackageData
7 silly fetchPackageMetaData jquery@next
8 silly fetchNamedPackageData jquery
9 silly mapToRegistry name jquery
10 silly mapToRegistry using default registry
11 silly mapToRegistry registry https://registry.npmjs.org/
12 silly mapToRegistry data Result {
12 silly mapToRegistry   raw: 'jquery',
12 silly mapToRegistry   scope: null,
12 silly mapToRegistry   escapedName: 'jquery',
12 silly mapToRegistry   name: 'jquery',
12 silly mapToRegistry   rawSpec: '',
12 silly mapToRegistry   spec: 'latest',
12 silly mapToRegistry   type: 'tag' }
13 silly mapToRegistry uri https://registry.npmjs.org/jquery
14 verbose request uri https://registry.npmjs.org/jquery
15 verbose request no auth needed
16 info attempt registry request try #1 at 4:07:49 PM
17 verbose request id 6e8942df9373aeba
18 verbose etag "5aac9424-17db2"
19 verbose lastModified Sat, 17 Mar 2018 4:05:56 GMT
20 http request GET https://registry.npmjs.org/jquery
21 http 304 https://registry.npmjs.org/jquery
22 verbose headers { date: 'Thu, 26 Apr 2018 14:07:53 GMT',
22 verbose headers   via: '1.1 varnish',
22 verbose headers   'cache-control': 'max-age=300',
22 verbose headers   etag: '"5aac9424-17db2"',
22 verbose headers   age: '2992',
22 verbose headers   connection: 'keep-alive',
22 verbose headers   'x-served-by': 'cache-hhn1522-HHN',
22 verbose headers   'x-cache': 'HIT',
22 verbose headers   'x-cache-hits': '31',
22 verbose headers   'x-timer': 'S1524751674.750286,VS0,VE0',
22 verbose headers   vary: 'Accept-Encoding, Accept' }
23 silly get cb [ 304,
23 silly get   { date: 'Thu, 26 Apr 2018 14:07:53 GMT',
23 silly get     via: '1.1 varnish',
23 silly get     'cache-control': 'max-age=300',
23 silly get     etag: '"5aac9424-17db2"',
23 silly get     age: '2992',
23 silly get     connection: 'keep-alive',
23 silly get     'x-served-by': 'cache-hhn1522-HHN',
23 silly get     'x-cache': 'HIT',
23 silly get     'x-cache-hits': '31',
23 silly get     'x-timer': 'S1524751674.750286,VS0,VE0',
23 silly get     vary: 'Accept-Encoding, Accept' } ]
24 verbose etag https://registry.npmjs.org/jquery from cache
25 verbose get saving jquery to C:\Users\Nona\AppData\Roaming\npm-cache\registry.npmjs.org\jquery\.cache.json
26 verbose correctMkdir C:\Users\Nona\AppData\Roaming\npm-cache correctMkdir not in flight; initializing
27 silly fetchNamedPackageData No valid target from cache, forcing network
28 verbose request uri https://registry.npmjs.org/jquery
29 verbose request no auth needed
30 info attempt registry request try #1 at 4:07:50 PM
31 http request GET https://registry.npmjs.org/jquery
32 http 200 https://registry.npmjs.org/jquery
33 verbose headers { 'content-type': 'application/json; charset=UTF-8',
33 verbose headers   server: 'UploadServer',
33 verbose headers   'cache-control': 'max-age=300',
33 verbose headers   'last-modified': 'Sat, 17 Mar 2018 4:05:56 GMT',
33 verbose headers   etag: '"5aac9424-17db2"',
33 verbose headers   'x-npm-region': 'EU-East',
33 verbose headers   'content-encoding': 'gzip',
33 verbose headers   'content-length': '12029',
33 verbose headers   'accept-ranges': 'bytes',
33 verbose headers   date: 'Thu, 26 Apr 2018 14:07:53 GMT',
33 verbose headers   via: '1.1 varnish',
33 verbose headers   age: '2992',
33 verbose headers   connection: 'keep-alive',
33 verbose headers   'x-served-by': 'cache-hhn1522-HHN',
33 verbose headers   'x-cache': 'HIT',
33 verbose headers   'x-cache-hits': '32',
33 verbose headers   'x-timer': 'S1524751674.888684,VS0,VE0',
33 verbose headers   vary: 'Accept-Encoding, Accept' }
34 silly get cb [ 200,
34 silly get   { 'content-type': 'application/json; charset=UTF-8',
34 silly get     server: 'UploadServer',
34 silly get     'cache-control': 'max-age=300',
34 silly get     'last-modified': 'Sat, 17 Mar 2018 4:05:56 GMT',
34 silly get     etag: '"5aac9424-17db2"',
34 silly get     'x-npm-region': 'EU-East',
34 silly get     'content-encoding': 'gzip',
34 silly get     'content-length': '12029',
34 silly get     'accept-ranges': 'bytes',
34 silly get     date: 'Thu, 26 Apr 2018 14:07:53 GMT',
34 silly get     via: '1.1 varnish',
34 silly get     age: '2992',
34 silly get     connection: 'keep-alive',
34 silly get     'x-served-by': 'cache-hhn1522-HHN',
34 silly get     'x-cache': 'HIT',
34 silly get     'x-cache-hits': '32',
34 silly get     'x-timer': 'S1524751674.888684,VS0,VE0',
34 silly get     vary: 'Accept-Encoding, Accept' } ]
35 verbose get saving jquery to C:\Users\Nona\AppData\Roaming\npm-cache\registry.npmjs.org\jquery\.cache.json
36 verbose correctMkdir C:\Users\Nona\AppData\Roaming\npm-cache correctMkdir not in flight; initializing
37 silly fetchPackageMetaData Error: No compatible version found: jquery@next
37 silly fetchPackageMetaData Valid install targets:
37 silly fetchPackageMetaData 3.3.1, 3.3.0, 3.2.1, 3.2.0, 3.1.1, 3.1.0, 3.0.0, 3.0.0-rc1, 3.0.0-beta1, 3.0.0-alpha1, 2.2.4, 2.2.3, 2.2.2, 2.2.1, 2.2.0, 2.1.4, 2.1.3, 2.1.2, 2.1.1, 2.1.1-rc2, 2.1.1-rc1, 2.1.1-beta1, 2.1.0, 2.1.0-rc1, 2.1.0-beta3, 2.1.0-beta2, 1.12.4, 1.12.3, 1.12.2, 1.12.1, 1.12.0, 1.11.3, 1.11.2, 1.11.1, 1.11.1-rc2, 1.11.1-rc1, 1.11.1-beta1, 1.11.0, 1.11.0-rc1, 1.11.0-beta3, 1.9.1, 1.8.3, 1.8.2, 1.7.3, 1.7.2, 1.6.3, 1.6.2, 1.5.1
37 silly fetchPackageMetaData
37 silly fetchPackageMetaData     at pickVersionFromRegistryDocument (C:\Program Files\nodejs\node_modules\npm\lib\fetch-package-metadata.js:178:16)
37 silly fetchPackageMetaData     at C:\Program Files\nodejs\node_modules\npm\node_modules\iferr\index.js:13:50
37 silly fetchPackageMetaData     at C:\Program Files\nodejs\node_modules\npm\lib\utils\pulse-till-done.js:20:8
37 silly fetchPackageMetaData     at saved (C:\Program Files\nodejs\node_modules\npm\lib\cache\caching-client.js:174:7)
37 silly fetchPackageMetaData     at C:\Program Files\nodejs\node_modules\npm\node_modules\graceful-fs\polyfills.js:241:18
37 silly fetchPackageMetaData     at FSReqWrap.oncomplete (fs.js:123:15)
37 silly fetchPackageMetaData  error for jquery@next { Error: No compatible version found: jquery@next
37 silly fetchPackageMetaData Valid install targets:
37 silly fetchPackageMetaData 3.3.1, 3.3.0, 3.2.1, 3.2.0, 3.1.1, 3.1.0, 3.0.0, 3.0.0-rc1, 3.0.0-beta1, 3.0.0-alpha1, 2.2.4, 2.2.3, 2.2.2, 2.2.1, 2.2.0, 2.1.4, 2.1.3, 2.1.2, 2.1.1, 2.1.1-rc2, 2.1.1-rc1, 2.1.1-beta1, 2.1.0, 2.1.0-rc1, 2.1.0-beta3, 2.1.0-beta2, 1.12.4, 1.12.3, 1.12.2, 1.12.1, 1.12.0, 1.11.3, 1.11.2, 1.11.1, 1.11.1-rc2, 1.11.1-rc1, 1.11.1-beta1, 1.11.0, 1.11.0-rc1, 1.11.0-beta3, 1.9.1, 1.8.3, 1.8.2, 1.7.3, 1.7.2, 1.6.3, 1.6.2, 1.5.1
37 silly fetchPackageMetaData
37 silly fetchPackageMetaData     at pickVersionFromRegistryDocument (C:\Program Files\nodejs\node_modules\npm\lib\fetch-package-metadata.js:178:16)
37 silly fetchPackageMetaData     at C:\Program Files\nodejs\node_modules\npm\node_modules\iferr\index.js:13:50
37 silly fetchPackageMetaData     at C:\Program Files\nodejs\node_modules\npm\lib\utils\pulse-till-done.js:20:8
37 silly fetchPackageMetaData     at saved (C:\Program Files\nodejs\node_modules\npm\lib\cache\caching-client.js:174:7)
37 silly fetchPackageMetaData     at C:\Program Files\nodejs\node_modules\npm\node_modules\graceful-fs\polyfills.js:241:18
37 silly fetchPackageMetaData     at FSReqWrap.oncomplete (fs.js:123:15) code: 'ETARGET' }
38 silly rollbackFailedOptional Starting
39 silly rollbackFailedOptional Finishing
40 silly runTopLevelLifecycles Finishing
41 silly install printInstalled
42 verbose stack Error: No compatible version found: jquery@next
42 verbose stack Valid install targets:
42 verbose stack 3.3.1, 3.3.0, 3.2.1, 3.2.0, 3.1.1, 3.1.0, 3.0.0, 3.0.0-rc1, 3.0.0-beta1, 3.0.0-alpha1, 2.2.4, 2.2.3, 2.2.2, 2.2.1, 2.2.0, 2.1.4, 2.1.3, 2.1.2, 2.1.1, 2.1.1-rc2, 2.1.1-rc1, 2.1.1-beta1, 2.1.0, 2.1.0-rc1, 2.1.0-beta3, 2.1.0-beta2, 1.12.4, 1.12.3, 1.12.2, 1.12.1, 1.12.0, 1.11.3, 1.11.2, 1.11.1, 1.11.1-rc2, 1.11.1-rc1, 1.11.1-beta1, 1.11.0, 1.11.0-rc1, 1.11.0-beta3, 1.9.1, 1.8.3, 1.8.2, 1.7.3, 1.7.2, 1.6.3, 1.6.2, 1.5.1
42 verbose stack
42 verbose stack     at pickVersionFromRegistryDocument (C:\Program Files\nodejs\node_modules\npm\lib\fetch-package-metadata.js:178:16)
42 verbose stack     at C:\Program Files\nodejs\node_modules\npm\node_modules\iferr\index.js:13:50
42 verbose stack     at C:\Program Files\nodejs\node_modules\npm\lib\utils\pulse-till-done.js:20:8
42 verbose stack     at saved (C:\Program Files\nodejs\node_modules\npm\lib\cache\caching-client.js:174:7)
42 verbose stack     at C:\Program Files\nodejs\node_modules\npm\node_modules\graceful-fs\polyfills.js:241:18
42 verbose stack     at FSReqWrap.oncomplete (fs.js:123:15)
43 verbose cwd C:\Users\Nona\task
44 error Windows_NT 10.0.10240
45 error argv "C:\\Program Files\\nodejs\\node.exe" "C:\\Program Files\\nodejs\\node_modules\\npm\\bin\\npm-cli.js" "i" "-S" "jquery@next"
46 error node v6.11.0
47 error npm  v3.10.10
48 error code ETARGET
49 error notarget No compatible version found: jquery@next
49 error notarget Valid install targets:
49 error notarget 3.3.1, 3.3.0, 3.2.1, 3.2.0, 3.1.1, 3.1.0, 3.0.0, 3.0.0-rc1, 3.0.0-beta1, 3.0.0-alpha1, 2.2.4, 2.2.3, 2.2.2, 2.2.1, 2.2.0, 2.1.4, 2.1.3, 2.1.2, 2.1.1, 2.1.1-rc2, 2.1.1-rc1, 2.1.1-beta1, 2.1.0, 2.1.0-rc1, 2.1.0-beta3, 2.1.0-beta2, 1.12.4, 1.12.3, 1.12.2, 1.12.1, 1.12.0, 1.11.3, 1.11.2, 1.11.1, 1.11.1-rc2, 1.11.1-rc1, 1.11.1-beta1, 1.11.0, 1.11.0-rc1, 1.11.0-beta3, 1.9.1, 1.8.3, 1.8.2, 1.7.3, 1.7.2, 1.6.3, 1.6.2, 1.5.1
50 error notarget This is most likely not a problem with npm itself.
50 error notarget In most cases you or one of your dependencies are requesting
50 error notarget a package version that doesn't exist.
51 verbose exit [ 1, true ]
